  Assembling cw1.asm...
cw1.asm(2): error A2008: syntax error : .
cw1.asm(3): error A2008: syntax error : .
C:\Program Files (x86)\MSBuild\Microsoft.Cpp\v4.0\V140\BuildCustomizations\masm.targets(50,5): error MSB3721: The command "ml64.exe /c /nologo /Zi /Fo"x64\Debug\cw1.obj" /W3 /errorReport:prompt  /Tacw1.asm" exited with code 1.
